<?xml version="1.0" encoding="UTF-8"?>
<!-- Generated by org.testng.reporters.JUnitXMLReporter -->
<testsuite hostname="LAPTOP-A3RO126P" name="Command line test" tests="6" failures="0" timestamp="24 Mar 2021 10:36:38 GMT" time="0.048" errors="0">
  <testcase name="shravya" time="0.022" classname="qaclickacademy.One_1Test"/>
  <testcase name="swara" time="0.001" classname="qaclickacademy.One_1Test"/>
  <testcase name="atharva" time="0.001" classname="qaclickacademy.Three_Test"/>
  <testcase name="omkar" time="0.001" classname="qaclickacademy.Three_Test"/>
  <testcase name="devansh" time="0.0" classname="qaclickacademy.Two_2Test"/>
  <testcase name="rutva" time="0.0" classname="qaclickacademy.Two_2Test"/>
</testsuite> <!-- Command line test -->
